# -*- mode: conf-unix; -*-
# categories.lis
# List of geometry ID categories/types (format: datatools::multi_properties):

#@description A sample list of geometry ID categories/types
#@key_label   "category"
#@meta_label  "type"


###############
# Top volumes #
###############

###########################
[category="world" type="0"]
addresses : string[1] = "world"


#############################
[category="hall"  type="100"]
addresses : string[1] = "hall"


###################
# External shield #
###################

#######################################
[category="external_shield" type="200"]
addresses : string[1] = "side"


##########
# Module #
##########

###############################
[category="module" type="1000"]
addresses : string[1] = "module"


####################
# Source submodule #
####################

############################################
[category="source_submodule"    type="1100"]
inherits : string  = "module"


############################################
[category="source_like_plate"    type="1199"]
inherits : string  = "module"


############################################
[category="source_strip_path"   type="1101"]
extends : string    = "source_submodule"
by      : string[1] = "strip"


############################################
[category="source_strip"        type="1102"]
inherits : string   = "source_strip_path"


############################################
[category="source_strip_film"   type="1120"]
extends : string    = "source_strip"
by      : string[1] = "film"


############################################
[category="source_pad"          type="1130"]
extends : string    = "source_strip"
by      : string[1] = "pad"


####################################################
[category="source_calibration_track"    type="1103"]
extends : string    = "source_submodule"
by      : string[1] = "track"


####################################################
[category="source_calibration_carrier"  type="1110"]
extends : string    = "source_calibration_track"
by      : string[1] = "position"


####################################################
[category="source_calibration_spot"     type="1112"]
inherits : string   = "source_calibration_carrier"


#####################
# Tracker submodule #
#####################

##########################################
[category="tracker_submodule" type="1200"]
extends : string    = "module"
by      : string[1] = "side"


##########################################
[category="tracker_volume"    type="1201"]
inherits : string   = "tracker_submodule"


##########################################
[category="tracker_layer"     type="1202"]
extends : string    = "tracker_volume"
by      : string[1] = "layer"


##########################################
[category="drift_cell"        type="1203"]
extends : string    = "tracker_layer"
by      : string[1] = "row"


##########################################
[category="drift_cell_core"   type="1204"]
inherits : string   = "drift_cell"


###################################################
[category="drift_cell_anodic_wire"     type="1210"]
inherits : string   = "drift_cell_core"


###################################################
[category="drift_cell_cathodic_ring"   type="1211"]
extends : string    = "drift_cell_core"
by      : string[1] = "ring"


###################################################
[category="drift_cell_base"            type="1208"]
extends : string    = "drift_cell_core"
by      : string[1] = "base"


###################################################
[category="drift_cell_field_wires_set" type="1212"]
extends : string    = "drift_cell"
by      : string[1] = "set"


###################################################
[category="drift_cell_field_wire"      type="1207"]
extends : string    = "drift_cell_field_wires_set"
by      : string[1] = "wire"


######################
# X-wall calorimeter #
######################

#############################################
[category="xcalo_wall"           type="1234"]
extends : string    = "tracker_submodule"
by      : string[1] = "wall"


#############################################
[category="xcalo_column"         type="1230"]
extends : string    = "xcalo_wall"
by      : string[1] = "column"


#############################################
[category="xcalo_optical_module" type="1231"]
extends : string    = "xcalo_column"
by      : string[1] = "row"


#############################################
[category="xcalo_block"          type="1232"]
inherits : string   = "xcalo_optical_module"


#############################################
[category="xcalo_wrapper"        type="1233"]
inherits : string   = "xcalo_optical_module"


##########################
# Gamma veto calorimeter #
##########################

#############################################
[category="gveto_row"            type="1250"]
extends : string    = "tracker_submodule"
by      : string[1] = "wall"


#############################################
[category="gveto_optical_module" type="1251"]
extends : string    = "gveto_row"
by      : string[1] = "column"


#############################################
[category="gveto_block"          type="1252"]
inherits : string   = "gveto_optical_module"


#############################################
[category="gveto_wrapper"        type="1253"]
inherits : string   = "gveto_optical_module"


#########################
# Calorimeter submodule #
#########################

###################################################
[category="calorimeter_submodule"      type="1300"]
extends : string    = "module"
by      : string[1] = "side"


###################################################
[category="calorimeter_column"         type="1310"]
extends : string    = "calorimeter_submodule"
by      : string[1] = "column"


###################################################
[category="calorimeter_optical_module" type="1301"]
extends : string    = "calorimeter_column"
by      : string[1] = "row"


###################################################
[category="calorimeter_block"          type="1302"]
extends : string    = "calorimeter_optical_module"
by      : string[1] = "part"


###################################################
[category="calorimeter_wrapper"        type="1303"]
inherits : string   = "calorimeter_optical_module"


###################################################
[category="calorimeter_pmt"            type="1304"]
inherits : string   = "calorimeter_optical_module"


###################################################
[category="calorimeter_pmt_glass"      type="1305"]
inherits : string   = "calorimeter_pmt"


###################################################
[category="calorimeter_curtain"        type="1306"]
inherits : string   = "calorimeter_optical_module"


#################
# Miscellaneous #
#################

######################################
[category="gas_seal_foil" type="1400"]
extends : string    = "module"
by      : string[2] = "side" "foil"


# end of categories.lis
