# -*- mode: conf-unix; -*-
# List of multi-properties (datatools::utils::multi_properties):

#@description A list of vertex generators
#@key_label   "name"
#@meta_label  "type"


# ####################################################
# [name="origin" type="genvtx::spot_vertex_generator"]
# #@config Generate vertex from the central point of the experimental setup:
# spot.x : real = 0.0
# spot.y : real = 0.0
# spot.z : real = 0.0
# spot.length_unit : string = "mm"


# #####################################################
# [name="a_point" type="genvtx::spot_vertex_generator"]
# #@config Generate vertex from an arbitrary point of the experimental setup:
# spot.x : real = 100.0
# spot.y : real = 200.0
# spot.z : real = 500.0
# spot.length_unit : string = "mm"


################################
# Source foil vertex generator #
################################


#########################################################
[name="source_surface_all" type="genvtx::boxed_model_vg"]
#@config Generate vertex on the surface of the source foil:
origin : string  = "category=source module={*} column={*} row={*}"
mode   : string  = "surface"
mode.surface.back  : boolean = 1
mode.surface.front : boolean = 1


###########################################################
[name="source_surface_front" type="genvtx::boxed_model_vg"]
#@config Generate vertex on the front surface of the source foil:
origin : string  = "category=source module={*} column={*} row={*}"
mode   : string  = "surface"
mode.surface.back  : boolean = 0
mode.surface.front : boolean = 1


##########################################################
[name="source_surface_back" type="genvtx::boxed_model_vg"]
#@config Generate vertex on the back surface of the source foil:
origin : string  = "category=source module={*} column={*} row={*}"
mode   : string  = "surface"
mode.surface.back  : boolean = 1
mode.surface.front : boolean = 0


##################################################
[name="source_bulk" type="genvtx::boxed_model_vg"]
#@config Generate vertex in the bulk volume of the source foil:
origin : string  = "category=source module={*} column={*} row={*}"
mode   : string  = "bulk"

  ############################
  # Other examples           #
  ############################


# ##############################################################
# [name="some_source_surface_all" type="genvtx::boxed_model_vg"]
# #@config Generate vertex on the surface of the source foil:
# origin : string  = "category=source module={*} column={3;6} row=[2;4]"
# mode   : string  = "surface"
# mode.surface.back  : boolean = 1
# mode.surface.front : boolean = 1


# ################################################################
# [name="some_source_surface_front" type="genvtx::boxed_model_vg"]
# #@config Generate vertex on the surface of the source foil:
# origin : string  = "category=source module={*} column={3;6} row=[2;4]"
# mode   : string  = "surface"
# mode.surface.back  : boolean = 0
# mode.surface.front : boolean = 1


# #######################################################
# [name="some_source_bulk" type="genvtx::boxed_model_vg"]
# #@config Generate vertex in the bulk volume of the source foil:
# debug  : boolean = 1
# origin : string  = "category=source module={*} column={1;3;5;8} row={0}"
# mode   : string  = "bulk"


##############################
# Reflector vertex generator #
##############################


#####################################################
[name="reflector_bulk" type="genvtx::boxed_model_vg"]
#@config Generate vertex in the bulk of the scintillator entrance window reflector:
origin : string  = "category=reflector module={*} column={*} row={*} position={*}"
mode   : string  = "bulk"


########################################################
[name="reflector_deposit" type="genvtx::boxed_model_vg"]
origin : string  = "category=reflector module={*} column={*} row={*} position={*}"
#@config Generate vertex on the front surface of the scintillator entrance window reflector:
mode   : string  = "surface"
mode.surface.back  : boolean = 0
mode.surface.front : boolean = 1


#######################################
# Scintillator block vertex generator #
#######################################


########################################################
[name="scintillator_bulk" type="genvtx::boxed_model_vg"]
#@config Generate vertex in the bulk of the scintillator block:
origin : string  = "category=scin_block module={*} column={*} row={*} position={*}"
mode   : string  = "bulk"


#################################################################
[name="scintillator_side_surfaces" type="genvtx::boxed_model_vg"]
#@config Generate vertex on the side surfaces of the scintillator block:
origin : string  = "category=scin_block module={*} column={*} row={*} position={*}"
mode   : string  = "surface"
mode.surface.back  : boolean = 1
mode.surface.front : boolean = 1
mode.surface.left  : boolean = 1
mode.surface.right : boolean = 1

# End of list of multi-properties.
