#@description A sample list of geometry ID categories/types for tracker submodules
#@key_label   "category"
#@meta_label  "type"

[category="tracker_submodule" type="1200"]
  extends : string    = "module"
  by      : string[1] = "side"

[category="tracker_volume" type="1201"]
  inherits : string   = "tracker_submodule"

[category="tracker_layer" type="1202"]
  extends : string    = "tracker_volume"
  by      : string[1] = "layer"

[category="drift_cell" type="1203"]
  extends : string    = "tracker_layer"
  by      : string[1] = "row"

[category="drift_cell_core" type="1204"]
  inherits : string   = "drift_cell"

[category="drift_cell_anodic_wire" type="1210"]
  inherits : string   = "drift_cell_core"

[category="drift_cell_cathodic_ring" type="1211"]
  extends : string    = "drift_cell_core"
  by      : string[1] = "ring"

[category="drift_cell_base" type="1208"]
  extends : string    = "drift_cell_core"
  by      : string[1] = "base"

[category="drift_cell_field_wires_set" type="1212"]
  extends : string    = "drift_cell"
  by      : string[1] = "set"

[category="drift_cell_field_wire" type="1207"]
  extends : string    = "drift_cell_field_wires_set"
  by      : string[1] = "wire"


######################
# X-wall calorimeter #
######################
[category="xcalo_wall" type="1234"]
  extends : string    = "tracker_submodule"
  by      : string[1] = "wall"

[category="xcalo_column" type="1230"]
  extends : string    = "xcalo_wall"
  by      : string[1] = "column"

[category="xcalo_optical_module" type="1231"]
  extends : string    = "xcalo_column"
  by      : string[1] = "row"

[category="xcalo_block" type="1232"]
  inherits : string   = "xcalo_optical_module"

[category="xcalo_wrapper" type="1233"]
  inherits : string   = "xcalo_optical_module"

[category="xcalo_pmt" type="1234"]
  inherits : string   = "xcalo_optical_module"

[category="xcalo_pmt_glass" type="1235"]
  inherits : string   = "xcalo_pmt"


##########################
# Gamma veto calorimeter #
##########################
[category="gveto_row" type="1250"]
  extends : string    = "tracker_submodule"
  by      : string[1] = "wall"

[category="gveto_optical_module" type="1251"]
  extends : string    = "gveto_row"
  by      : string[1] = "column"

[category="gveto_block" type="1252"]
  inherits : string   = "gveto_optical_module"

[category="gveto_wrapper" type="1253"]
  inherits : string   = "gveto_optical_module"

[category="gveto_tracker_feedthrough_pins" type="1260"]
  extends : string    = "gveto_row"
  by      : string[1] = "element"

[category="gveto_pmt" type="1254"]
  inherits : string   = "gveto_optical_module"

[category="gveto_pmt_glass" type="1255"]
  inherits : string   = "gveto_pmt"