# -*- mode: conf-unix; -*-
# List of multi-properties (datatools::multi_properties):

#@description A list of vertex generators
#@key_label   "name"
#@meta_label  "type"


# ####################################################
# [name="origin" type="genvtx::spot_vertex_generator"]
# #@config Generate vertex from the central point of the experimental setup:
# spot.x : real = 0.0
# spot.y : real = 0.0
# spot.z : real = 0.0
# spot.length_unit : string = "mm"


# #####################################################
# [name="a_point" type="genvtx::spot_vertex_generator"]
# #@config Generate vertex from an arbitrary point of the experimental setup:
# spot.x : real = 100.0
# spot.y : real = 200.0
# spot.z : real = 500.0
# spot.length_unit : string = "mm"


################################
# Source foil vertex generator #
################################


#######################################################
[name="source_surface_all" type="genvtx::box_model_vg"]
#@config Generate vertex on the surface of the source foil

#@description The requirements on the geometry setup this generator is related to
geometry.setup_requirement : string = "bipo3 (>=2)"

#@description The mapping directives that addresses the implied physical volume
origin : string  = "category='source.category' detector={*} column={*} row={*}"

#@description The surface vertex generation mode
mode   : string  = "surface"

#@description The flag to activate vertex generation on the back face of the box volume
mode.surface.back  : boolean = 1

#@description The flag to activate vertex generation on the front face of the box volume
mode.surface.front : boolean = 1


#########################################################
[name="source_surface_front" type="genvtx::box_model_vg"]
#@config Generate vertex on the front surface of the source foil

#@description The requirements on the geometry setup this generator is related to
geometry.setup_requirement : string = "bipo3 (>=2)"

#@description The mapping directives that addresses the implied physical volume
origin : string  = "category='source.category' detector={*} column={*} row={*}"

#@description The surface vertex generation mode
mode   : string  = "surface"
mode.surface.back  : boolean = 0
mode.surface.front : boolean = 1


########################################################
[name="source_surface_back" type="genvtx::box_model_vg"]
#@config Generate vertex on the back surface of the source foil

#@description The requirements on the geometry setup this generator is related to
geometry.setup_requirement : string = "bipo3 (>=2)"

#@description The mapping directives that addresses the implied physical volume
origin : string  = "category='source.category' detector={*} column={*} row={*}"

#@description The surface vertex generation mode
mode   : string  = "surface"
mode.surface.back  : boolean = 1
mode.surface.front : boolean = 0


################################################
[name="source_bulk" type="genvtx::box_model_vg"]
#@config Generate vertex in the bulk volume of the source foil

#@description The requirements on the geometry setup this generator is related to
geometry.setup_requirement : string = "bipo3 (>=2)"

#@description The mapping directives that addresses the implied physical volume
origin : string  = "category='source.category' detector={*} column={*} row={*}"

#@description The bulk vertex generation mode
mode   : string  = "bulk"

  ############################
  # Other examples           #
  ############################


# ############################################################
# [name="some_source_surface_all" type="genvtx::box_model_vg"]
# #@config Generate vertex on the surface of the source foil
# origin : string  = "category='source.category' detector={*} column={3;6} row=[2;4]"
# mode   : string  = "surface"
# mode.surface.back  : boolean = 1
# mode.surface.front : boolean = 1


# ##############################################################
# [name="some_source_surface_front" type="genvtx::box_model_vg"]
# #@config Generate vertex on the surface of the source foil
# origin : string  = "category='source.category' detector={*} column={3;6} row=[2;4]"
# mode   : string  = "surface"
# mode.surface.back  : boolean = 0
# mode.surface.front : boolean = 1


# #####################################################
# [name="some_source_bulk" type="genvtx::box_model_vg"]
# #@config Generate vertex in the bulk volume of the source foil
# debug  : boolean = 1
# origin : string  = "category='source.category' detector={*} column={1;3;5;8} row={0}"
# mode   : string  = "bulk"


##############################
# Reflector vertex generator #
##############################


###################################################
[name="reflector_bulk" type="genvtx::box_model_vg"]
#@config Generate vertex in the bulk of the scintillator entrance window reflector

#@description The requirements on the geometry setup this generator is related to
geometry.setup_requirement : string = "bipo3 (>=2)"

#@description The mapping directives that addresses the implied physical volume
origin : string  = "category='reflector.category' detector={*} column={*} row={*} position={*}"

#@description The bulk vertex generation mode
mode   : string  = "bulk"


######################################################
[name="reflector_deposit" type="genvtx::box_model_vg"]
#@config Generate vertex on the front surface of the scintillator entrance window reflector

#@description The requirements on the geometry setup this generator is related to
geometry.setup_requirement : string = "bipo3 (>=2)"

#@description The mapping directives that addresses the implied physical volume
origin : string  = "category='reflector.category' detector={*} column={*} row={*} position={*}"

#@description The surface vertex generation mode
mode   : string  = "surface"
mode.surface.back  : boolean = 0
mode.surface.front : boolean = 1


#######################################
# Scintillator block vertex generator #
#######################################


######################################################
[name="scintillator_bulk" type="genvtx::box_model_vg"]
#@config Generate vertex in the bulk of the scintillator block

#@description The requirements on the geometry setup this generator is related to
geometry.setup_requirement : string = "bipo3 (>=2)"

#@description The mapping directives that addresses the implied physical volume
origin : string  = "category='scin_block.category' detector={*} column={*} row={*} position={*}"

#@description The bulk vertex generation mode
mode   : string  = "bulk"


###############################################################
[name="scintillator_side_surfaces" type="genvtx::box_model_vg"]
#@config Generate vertex on the side surfaces of the scintillator block

#@description The requirements on the geometry setup this generator is related to
geometry.setup_requirement : string = "bipo3 (>=2)"

#@description The mapping directives that addresses the implied physical volume
origin : string  = "category='scin_block.category' detector={*} column={*} row={*} position={*}"

#@description The surface vertex generation mode
mode   : string  = "surface"
mode.surface.back  : boolean = 1
mode.surface.front : boolean = 1
mode.surface.left  : boolean = 1
mode.surface.right : boolean = 1


# End of list of multi-properties.
