# -*- mode: conf-unix -*-
# List of multi-properties (datatools::multi_properties)

#@description Definitions of mapping categories for models related to the electronics of the SuperNEMO Demonstrator experiment
#@key_label  "category"
#@meta_label "type"

#######################################
[category="electronics.dc" type="2000"]

#@config The mapping category associated to the electronics device of the SuperNEMO detector demonstrator module

#@description Inherits the module number
inherits : string = "snemo_module.dc"

################################
[category="rack.dc" type="2100"]

#@config The mapping category associated to a rack

#@description Extends the module number by the rack number
extends : string    = "electronics.dc"
by      : string[1] = "rack"


#################################
[category="crate.dc" type="2110"]

#@config The mapping category associated to a crate in a rack

#@description Extends the rack number by the crate number
extends : string    = "rack.dc"
by      : string[1] = "crate"


############################################
[category="crate_ctrl_board.dc" type="2200"]

#@config The mapping category associated to a control board in a crate

#@description Inherits the crate number
inherits : string    = "crate.dc"


#########################################
[category="trigger_board.dc" type="2300"]

#@config The mapping category associated to the trigger control board in a crate

#@description Inherits the crate number
inherits : string    = "crate.dc"


##############################################
[category="trigger_board_fpga.dc" type="2310"]

#@config The mapping category associated to the FPGA in the trigger board

#@description Inherits the crate number
inherits : string    = "trigger_board.dc"


####################################
[category="calo_feb.dc" type="2400"]

#@config The mapping category associated to a calorimeter FEB in a crate

#@description Extends the crate number by the slot
extends : string    = "crate.dc"
by      : string[1] = "board"


#
# FEB EID = [2400:0.3.[0|2].14]
#
#
##############################################
[category="calo_feb_ctrl_fpga.dc" type="2410"]

#@config The mapping category associated to the control FPGA in a calorimeter FEB

#@description Inherits the board number
inherits : string    = "calo_feb.dc"


############################################
[category="calo_feb_fe_asic.dc" type="2420"]

#@config The mapping category associated to the control FPGA in a calorimeter FEB

#@description Extends the board number by the asic number
extends : string    = "calo_feb.dc"
by      : string[1] = "fe_asic"


############################################
[category="calo_feb_fe_fpga.dc" type="2430"]

#@config The mapping category associated to the FE FPGA in a calorimeter FEB

#@description Extends the board number by the asic number
extends : string    = "calo_feb.dc"
by      : string[1] = "fe_fpga"


#######################################
[category="tracker_feb.dc" type="2500"]

#@config The mapping category associated to a tracker FEB in a crate

#@description Extends the crate number by the slot
extends : string    = "crate.dc"
by      : string[1] = "board"


# end of categories.lis