# -*- mode: conf-unix; -*-
# @falaise:config/snemo/demonstrator/geometry/4.0/models/geom_models.lis
# List of geometry models definition files for the SuperNEMO Demonstrator

# Source frame layout:
@falaise:config/snemo/demonstrator/geometry/4.0/models/source_module/source_calibration.geom
@falaise:config/snemo/demonstrator/geometry/4.0/models/source_module/basic/source_pads.geom
@falaise:config/snemo/demonstrator/geometry/4.0/models/source_module/basic/source_strips.geom
@falaise:config/snemo/demonstrator/geometry/4.0/models/source_module/source_blocks.geom
@falaise:config/snemo/demonstrator/geometry/4.0/models/source_module/source_layer.geom
@falaise:config/snemo/demonstrator/geometry/4.0/models/source_module/source_frame_horizontal_beams.geom
@falaise:config/snemo/demonstrator/geometry/4.0/models/source_module/source_frame_vertical_beams.geom
@falaise:config/snemo/demonstrator/geometry/4.0/models/source_module/source_foil_support.geom
@falaise:config/snemo/demonstrator/geometry/4.0/models/source_module/source_module.geom

# #@falaise:config/snemo/demonstrator/geometry/4.0/models/source_module/source_pads.geom
# #@falaise:config/snemo/demonstrator/geometry/4.0/models/source_module/source_strips.geom

# Tracker layout:
@falaise:config/snemo/demonstrator/geometry/4.0/models/tracker_modules/pmt_5inch.geom
@falaise:config/snemo/demonstrator/geometry/4.0/models/tracker_modules/xwall_module.geom
@falaise:config/snemo/demonstrator/geometry/4.0/models/tracker_modules/xwall.geom
@falaise:config/snemo/demonstrator/geometry/4.0/models/tracker_modules/gveto_module.geom
@falaise:config/snemo/demonstrator/geometry/4.0/models/tracker_modules/gveto.geom
@falaise:config/snemo/common/geometry/4.0/models/tracker_drift_cell_core.geom
@falaise:config/snemo/common/geometry/4.0/models/tracker_drift_cell.geom
@falaise:config/snemo/demonstrator/geometry/4.0/models/tracker_modules/tracker_layers.geom
@falaise:config/snemo/demonstrator/geometry/4.0/models/tracker_modules/tracker_volumes.geom
@falaise:config/snemo/demonstrator/geometry/4.0/models/tracker_modules/tracker_submodules.geom

# New calorimeter layout:
@falaise:config/snemo/demonstrator/geometry/4.0/models/calorimeter_modules/calo_pmt_8inch.geom
@falaise:config/snemo/demonstrator/geometry/4.0/models/calorimeter_modules/calo_pmt_5inch.geom
@falaise:config/snemo/demonstrator/geometry/4.0/models/calorimeter_modules/calorimeter_module_common.geom
@falaise:config/snemo/demonstrator/geometry/4.0/models/calorimeter_modules/calorimeter_module_5inch.geom
@falaise:config/snemo/demonstrator/geometry/4.0/models/calorimeter_modules/calorimeter_module_8inch.geom
@falaise:config/snemo/demonstrator/geometry/4.0/models/calorimeter_modules/calorimeter_walls.geom
@falaise:config/snemo/demonstrator/geometry/4.0/models/calorimeter_modules/calorimeter_submodules.geom

# Shielding:
@falaise:config/snemo/demonstrator/geometry/4.0/models/shielding/shielding.geom

# Demonstrator module:
@falaise:config/snemo/demonstrator/geometry/4.0/models/module_0.geom

# World and experimental hall:
@falaise:config/snemo/demonstrator/geometry/4.0/models/setup.geom


# end of @falaise:config/snemo/demonstrator/geometry/4.0/models/geom_models.lis