# -*- mode: conf-unix -*-
# List of multi-properties (datatools::multi_properties)

#@description Definitions of device models related to the detector of the SuperNEMO Demonstrator experiment
#@key_label  "category"
#@meta_label "type"

####################################
[category="detector.dc" type="1000"]

#@config The device category of the detector

#@description The inheritance
inherits : string = "module.dc"

#######################################
[category="calorimeter.dc" type="1100"]

#@config The device category of the calorimeter

#@description The inheritance
inherits : string = "detector.dc"

#################################################
[category="calorimeter_main_wall.dc" type="1110"]

#@config The device category of the calorimeter main walls

#@description The address extension
extends : string    = "calorimeter.dc"
by      : string[1] = "side"

##########################################
[category="calorimeter_om.dc" type="1120"]

#@config The device category of the optical modules in calorimeter main walls

#@description The address extension
extends : string    = "calorimeter_main_wall.dc"
by      : string[2] = "column" "row"

###################################
[category="tracker.dc" type="1200"]

#@config The device category of the tracker

#@description The inheritance
inherits : string = "detector.dc"

#############################################
[category="tracker_submodule.dc" type="1210"]

#@config The device category of the tracker submodules

#@description The address extension
extends : string    = "tracker.dc"
by      : string[1] = "side"

########################################
[category="tracker_cell.dc" type="1220"]

#@config The device category of the tracker cells

#@description The address extension
extends : string    = "tracker_submodule.dc"
by      : string[2] = "layer" "row"

#########################################
[category="tracker_xwall.dc" type="1230"]

#@config The device category of the tracker X-walls

#@description The address extension
extends : string    = "tracker_submodule.dc"
by      : string[1] = "wall"

############################################
[category="tracker_xwall_om.dc" type="1240"]

#@config The device category of the optical modules in the tracker X-walls

#@description The address extension
extends : string    = "tracker_xwall.dc"
by      : string[2] = "column" "row"

############################################
[category="tracker_gveto_om.dc" type="1250"]

#@config The device category of the optical modules in the gamma-vetos

#@description The address extension
extends : string    = "tracker_submodule.dc"
by      : string[2] = "wall" "column"


# ################################
# [category="coil.dc" type="1300"]

# #@config The device category of the coil

# #@description The inheritance
# inherits : string = "detector.dc"

# ########################################
# [category="source_frame.dc" type="1400"]

# #@config The device category of the source frame

# #@description The inheritance
# inherits : string = "detector.dc"

# #####################################
# [category="shielding.dc" type="1500"]

# #@config The device category of the shielding

# #@description The inheritance
# inherits : string = "detector.dc"

# end of detector.vdc
