# -*- mode: conf-unix; -*-
# List of multi-properties (datatools::multi_properties):

#@description A list of vertex generators
#@key_label   "name"
#@meta_label  "type"

# Generate vertex from the hall:
[name="experimental_hall_surface" type="genvtx::box_model_vg"]

#@config Vertex generation from the surface of the experimental hall

#@description Logging priority
logging.priority  : string = "notice"

#@description The rule that describes the geometry origin of vertex in term of geometry category and addresses (geom ID)
origin : string  = "category='hall'"

#@description The mode used for vertex generator from the underlying box model associated to the target logical volume ("surface" or "bulk")
mode   : string  = "surface"

#@description Surface mode box back face activation
mode.surface.back   : boolean = 1

#@description Surface mode box front face activation
mode.surface.front  : boolean = 1

#@description Surface mode box bottom face activation
mode.surface.bottom : boolean = 1

#@description Surface mode box top face activation
mode.surface.top    : boolean = 1

#@description Surface mode box left face activation
mode.surface.left   : boolean = 1

#@description Surface mode box right face activation
mode.surface.right  : boolean = 1

# Generate vertex from the hall:
[name="experimental_hall_bulk" type="genvtx::box_model_vg"]

#@config Vertex generation from the volume of the experimental hall

#@description Logging priority
logging.priority  : string = "notice"

#@description The rule that describes the geometry origin of vertex in term of geometry category and addresses (geom ID)
origin : string  = "category='hall'"

#@description The mode used for vertex generator from the underlying box model associated to the target logical volume ("surface" or "bulk")
mode   : string  = "bulk"

# End of list of multi-properties.
