# -*- mode: conf-unix; -*-
# List of multi-properties (datatools::utils::multi_properties):

#@description A list of vertex generators
#@key_label   "name"
#@meta_label  "type"

# Generate vertex from the hall:
[name="experimental_hall_surface" type="snemo::genvertex::boxed_model_vg"]
#@config Vertex generation from the surface of the experimental hall
debug  : boolean = 0
origin : string  = "category=hall"
mode   : string  = "surface"
mode.surface.back   : boolean = 1
mode.surface.front  : boolean = 1
mode.surface.bottom : boolean = 1
mode.surface.top    : boolean = 1
mode.surface.left   : boolean = 1
mode.surface.right  : boolean = 1

# Generate vertex from the hall:
[name="experimental_hall_bulk" type="snemo::genvertex::boxed_model_vg"]
#@config Vertex generation from the volume of the experimental hall
debug  : boolean = 0
origin : string  = "category=hall"
mode   : string  = "bulk"

# End of list of multi-properties.
