# -*- mode: conf-unix; -*-
# List of multi-properties (datatools::utils::multi_properties):

#@description A list of vertex generators
#@key_label   "name"
#@meta_label  "type"

############
# Shields  #
############

# Generate vertex on the surface of the external shields:
[name="external_shield_surface" type="snemo::genvertex::boxed_model_vg"]
#@config Vertex generation from the surface of the external shield (side=0)
debug               : boolean = 0
origin              : string  = "category=external_shield side={0}"
mode                : string  = "surface"
mode.surface.bottom : boolean = 1
mode.surface.top    : boolean = 0
mode.surface.back   : boolean = 0
mode.surface.front  : boolean = 0
mode.surface.left   : boolean = 0
mode.surface.right  : boolean = 0

# Generate vertex on the bulk of the external shield:
[name="external_shield_bulk" type="snemo::genvertex::boxed_model_vg"]
#@config Vertex generation from the bulk volume of the external shield plate (side=0)
debug  : boolean = 0
origin : string  = "category=external_shield side={0}"
mode   : string  = "bulk"

# Generate vertex on the bulk of the external shield plates:
[name="external_shield_bulk_all" type="snemo::genvertex::boxed_model_vg"]
#@config Vertex generation from the bulk volume of the external shield plates
origin : string  = "category=external_shield side={*}"
mode   : string  = "bulk"

# End of list of multi-properties.
