# -*- mode: conf-unix; -*-
# List of multi-properties (datatools::utils::multi_properties):

#@description A list of vertex generators
#@key_label   "name"
#@meta_label  "type"

################################
# Source foil vertex generator #
################################

### Bulk :
# Generate vertex from the bulk volume of the source foil (internal strips):
[name="source_strips_internal_bulk" type="snemo::genvertex::boxed_model_vg"]
#@config Vertex generation from the bulk volume of the inner source strips
debug  : boolean = 0
geometry.setup_requirement : string = "snemo::demonstrator(>=2)"
origin : string  = "category=source_strip module={*} strip=[1;34]"
mode   : string  = "bulk"

# Generate vertex from the bulk volume of the source foil (external strips):
[name="source_strips_external_bulk" type="snemo::genvertex::boxed_model_vg"]
#@config Vertex generation from the bulk volume of the outer source strips
debug  : boolean = 0
geometry.setup_requirement : string = "snemo::demonstrator(>=2)"
origin : string  = "category=source_strip module={*} strip={0;35}"
mode   : string  = "bulk"

# Generate vertex from both the bulk volume and the surface of the source foil :
[name="source_strips_bulk" type="snemo::genvertex::combined_vg"]
#@config Vertex generation from the bulk volume of the source strips
debug  : boolean = 0
generators : string[2]  = "source_strips_external_bulk" "source_strips_internal_bulk"
generators.source_strips_external_bulk.absolute_weight : real  = 0.054
generators.source_strips_internal_bulk.absolute_weight : real  = 1.0
# Maybe the following could work (to be checked) :
#generators.source_strips_external_bulk.activity : string  = "1.0 Bq/m3"
#generators.source_strips_internal_bulk.activity : string  = "1.0 Bq/m3"


### Surface(s) :

# Generate vertex from the surface of the source foil (internal strips):
[name="source_strips_internal_surface" type="snemo::genvertex::boxed_model_vg"]
#@config Vertex generation from the surface of the inner source strips
geometry.setup_requirement : string = "snemo::demonstrator(>=2)"
origin : string  = "category=source_strip module={*} strip=[1;34]"
mode   : string  = "surface"
mode.surface.back  : boolean = 1
mode.surface.front : boolean = 1

# Generate vertex from the surface of the source foil (external strips):
[name="source_strips_external_surface" type="snemo::genvertex::boxed_model_vg"]
#@config Vertex generation from the surface of the outer source strips
geometry.setup_requirement : string = "snemo::demonstrator(>=2)"
origin : string  = "category=source_strip module={*} strip={0;35}"
mode   : string  = "surface"
mode.surface.back  : boolean = 1
mode.surface.front : boolean = 1

# Generate vertex from the surface of the source foil (all strips) :
[name="source_strips_surface" type="snemo::genvertex::combined_vg"]
#@config Vertex generation from the surface of the source strips
debug  : boolean = 0
generators : string[2] = \
  "source_strips_internal_surface" \
  "source_strips_external_surface"
generators.source_strips_external_surface.absolute_weight : real  = 0.054
generators.source_strips_internal_surface.absolute_weight : real  = 1.0
# Maybe the following could work (to be checked) :
#generators.source_strips_internal_surface.activity : string  = "1.0 Bq/m2"
#generators.source_strips_internal_surface.activity : string  = "1.0 Bq/m2"


# Generate vertex from both the bulk volume and the surface of the source foil :
# [name="source_strips_mix_1" type="snemo::genvertex::combined_vg"]
# debug  : boolean = 0
# generators : string[2]  = "source_all_strips_bulk" "source_all_strips_surface"
# generators.source_all_strips_bulk.absolute_weight         : real  = 1.0
# generators.source_all_strips_surface.absolute_weight  : real  = 0.5

# Generate vertex from both the bulk volume and the surface of the source foil :
# [name="source_strips_mix_2" type="snemo::genvertex::combined_vg"]
# debug  : boolean = 0
# generators : string[2]  = "source_all_strips_bulk" "source_all_strips_surface"
# generators.source_all_strips_bulk.activity     : real  = "1.0 uBq/kg"
# generators.source_all_strips_surface.activity  : real  = "10.0 uBq/m2"

# End of list of multi-properties.
