# -*- mode: conf-unix; -*-
# List of multi-properties (datatools::multi_properties):

#@description A list of vertex generators
#@key_label   "name"
#@meta_label  "type"


#################################
# Muon trigger block generators #
#################################

########################################################
[name="top_trigger_surface" type="genvtx::box_model_vg"]
#@config Generate vertex on the top surface of the muon trigger top scintillator plate

#@description The requirements on the geometry setup this generator is related to
geometry.setup_requirement : string = "snemo::tracker_commissioning (>=1)"

#@description Debug flag
debug  : boolean = 0

#@description The mapping directives that addresses the implied physical volume
origin : string  = "category='mu_trigger' position={1}"

#@description The surface vertex generation mode
mode   : string  = "surface"

#@description The flag to activate vertex generation on the top face of the box volume
mode.surface.top  : boolean = 1


###############
# Anode wires #
###############

#########################################################
[name="anode_wire_bulk" type="genvtx::cylinder_model_vg"]
#@config Generate vertex on the bulk volume of the anode wires

#@description The requirements on the geometry setup this generator is related to
geometry.setup_requirement : string = "snemo::tracker_commissioning (>=1)"

debug  : boolean = 0
origin : string  = "category='drift_cell_anodic_wire' module={*} side={*} layer={*} row={*}"
mode   : string  = "bulk"


############################################################
[name="anode_wire_surface" type="genvtx::cylinder_model_vg"]
#@config Generate vertex on the surface of the anode wires
debug  : boolean = 0

#@description The requirements on the geometry setup this generator is related to
geometry.setup_requirement : string = "snemo::tracker_commissioning (>=1)"

origin : string  = "category='drift_cell_anodic_wire' module={*} side={*} layer={*} row={*}"
mode   : string  = "surface"
mode.surface.side   : boolean = 1
mode.surface.bottom : boolean = 0
mode.surface.top    : boolean = 0


# ##################################################################
# [name="first_anode_wire_surface" type="genvtx::cylinder_model_vg"]
# @config Generate vertex on the surface of the anode wires
# debug  : boolean = 0
# origin : string  = "category='drift_cell_anodic_wire' module={0} side={0} layer={0} row={0}"
# mode   : string  = "surface"
# mode.surface.side   : boolean = 1
# mode.surface.bottom : boolean = 0
# mode.surface.top    : boolean = 0


###############
# Field wires #
###############

#########################################################
[name="field_wire_bulk" type="genvtx::cylinder_model_vg"]
#@config Generate vertex on the bulk volume of the field wires

#@description The requirements on the geometry setup this generator is related to
geometry.setup_requirement : string = "snemo::tracker_commissioning (>=1)"

debug  : boolean = 0
origin : string  = "category='drift_cell_field_wire' module={*} side={*} layer={*} row={*} set={*} wire={*}"
mode   : string  = "bulk"


############################################################
[name="field_wire_surface" type="genvtx::cylinder_model_vg"]
#@config Generate vertex on the surface of the anode wires:

#@description The requirements on the geometry setup this generator is related to
geometry.setup_requirement : string = "snemo::tracker_commissioning (>=1)"

debug  : boolean = 0
origin : string  = "category='drift_cell_field_wire' module={*} side={*} layer={*} row={*} set={*} wire={*}"
mode   : string  = "surface"
mode.surface.side   : boolean = 1
mode.surface.bottom : boolean = 0
mode.surface.top    : boolean = 0


# ################################################################
# [name="few_field_wire_surface" type="genvtx::cylinder_model_vg"]
# #@config Generate vertex on the surface of the anode wires:
# debug  : boolean = 0
# origin : string  = "category='drift_cell_field_wire' module={0} side={0} layer={8} row=[0;45] set={*} wire={*}"
# mode   : string  = "surface"
# mode.surface.side   : boolean = 1
# mode.surface.bottom : boolean = 0
# mode.surface.top    : boolean = 0


########
# Hall #
########

###########################################################
[name="experimental_hall_roof" type="genvtx::box_model_vg"]
#@config Generate vertex from the hall:

#@description The requirements on the geometry setup this generator is related to
geometry.setup_requirement : string = "snemo::tracker_commissioning (>=1)"

debug  : boolean = 0
origin : string  = "category='hall'"
mode   : string  = "surface"
mode.surface.top    : boolean = 1


############################
# Other examples           #
############################

# ##################################################
# [name="spot" type="genvtx::spot_vertex_generator"]
# #@config Generate vertex from the a specific point of the experimental setup
# spot.x : real = 0.0
# spot.y : real = 0.0
# spot.z : real = +600.0
# spot.length_unit : string = "mm"

# End of list of multi-properties.
