# -*- mode: conf-unix; -*-
# List of multi-properties (datatools::utils::multi_properties):

#@description A list of vertex generators
#@key_label   "name"
#@meta_label  "type"

###############
# Anode wires #
###############

# Generate vertex from the bulk volume of the anode wires:
[name="anode_wire_bulk" type="snemo::genvertex::cylinder_model_vg"]
#@config Vertex generation from the bulk volume of the anode wires
debug  : boolean = 0
origin : string  = "category=drift_cell_anodic_wire module={*} side={*} layer={*} row={*}"
mode   : string  = "bulk"


# Generate vertex on the surface of the anode wires:
[name="anode_wire_surface" type="snemo::genvertex::cylinder_model_vg"]
#@config Vertex generation from the surface of the anode wires
debug  : boolean = 0
origin : string  = "category=drift_cell_anodic_wire module={*} side={*} layer={*} row={*}"
mode   : string  = "surface"
mode.surface.side   : boolean = 1
mode.surface.bottom : boolean = 0
mode.surface.top    : boolean = 0


# Generate vertex on the surface of the anode wires:
# [name="one_anode_wire_surface" type="snemo::genvertex::cylinder_model_vg"]
# debug  : boolean = 0
# origin : string  = "category=drift_cell_anodic_wire module={0} side={0} layer={0} row={0}"
# mode   : string  = "surface"
# mode.surface.side   : boolean = 1
# mode.surface.bottom : boolean = 0
# mode.surface.top    : boolean = 0


###############
# Field wires #
###############

# Generate vertex from the bulk volume of the field wires:
[name="field_wire_bulk" type="snemo::genvertex::cylinder_model_vg"]
#@config Vertex generation from the bulk volume of the field wires
debug  : boolean = 0
origin : string  = "category=drift_cell_field_wire module={*} side={*} layer={*} row={*} set={*} wire={*}"
mode   : string  = "bulk"

# Generate vertex on the surface of the anode wires:
[name="field_wire_surface" type="snemo::genvertex::cylinder_model_vg"]
#@config Vertex generation from the surface of the field wires
debug  : boolean = 0
origin : string  = "category=drift_cell_field_wire module={*} side={*} layer={*} row={*} set={*} wire={*}"
mode   : string  = "surface"
mode.surface.side   : boolean = 1
mode.surface.bottom : boolean = 0
mode.surface.top    : boolean = 0

# Generate vertex on the surface of the anode wires:
# [name="few_field_wire_surface" type="snemo::genvertex::cylinder_model_vg"]
# debug  : boolean = 0
# origin : string  = "category=drift_cell_field_wire module={0} side={0} layer={8} row=[0;45] set={*} wire={*}"
# mode   : string  = "surface"
# mode.surface.side   : boolean = 1
# mode.surface.bottom : boolean = 0
# mode.surface.top    : boolean = 0

# End of list of multi-properties.
