# 2022-10-19 FM : fixed column number
# see Miro's thesis p77 table 3.7 and comment at the end of the page
# and Falaise's issue #237
#ID Row Column Act UAct
79  0 5 127.1 1.15
115 1 5 132.2 1.25
123 2 5 128.4 2.34
133 3 5 135.0 1.25
73  4 5 122.8 1.16
111 5 5 132.0 1.25
83  6 5 128.4 1.15
94  0 4 136.3 1.15
134 1 4 124.9 1.16
80  2 4 132.6 1.15
112 3 4 119.8 1.27
82  4 4 133.0 1.15
76  5 4 124.7 1.15
88  6 4 134.3 1.15
85  0 3 128.3 1.15
89  1 3 130.7 1.15
131 2 3 130.0 1.25
84  3 3 140.9 1.14
135 4 3 130.1 1.25
95  5 3 129.8 1.15
86  6 3 125.8 1.15
96  0 2 137.3 1.15
74  1 2 125.5 1.15
93  2 2 131.9 1.14
113 3 2 130.9 1.26
87  4 2 131.3 1.15
78  5 2 125.0 1.16
75  6 2 138.5 1.14
90  0 1 128.0 1.15
92  1 1 131.1 1.15
119 2 1 127.4 1.26
81  3 1 139.1 1.14
139 4 1 126.6 1.14
91  5 1 131.0 N/A
77  6 1 127.9 1.14
138 0 1 131.4 N/A
136 1 0 123.7 1.15
116 2 0 132.5 1.25
137 3 0 122.2 1.26
114 4 0 133.8 1.25
132 5 0 129.5 2.36
120 6 0 131.0 1.26
