# -*- mode: conf-unix; -*-
# List of multi-properties (datatools::multi_properties):

#@description A list of vertex generators
#@key_label   "name"
#@meta_label  "type"

################################################################################
# Generate vertex on the bulk volume of the wrapper for the main calorimeter's #
# scintillator blocks:                                                         #
################################################################################
[name="calo_wrapper_bulk" type="genvtx::box_model_vg"]

#@config Vertex generation from the bulk of the main calorimeter wrapper

#@description Logging priority
logging.priority : string = "warning"

#@description The rule that describes the geometry origin of vertex in term of geometry category and addresses (geom ID)
#origin : string  = "category=calorimeter_wrapper module={*} side={1} column={0;1;2;4;19} row={0;1;2;12;13}"
origin : string  = "category='calorimeter_wrapper' module={*} side={*} column={*} row={*}"

#@description The mode used for vertex generator from the underlying box model associated to the target logical volume ("surface" or "bulk")
mode   : string  = "bulk"


#############################################################################
# Generate vertex on the bulk volume of the wrapper for the X-calorimeter's #
# scintillator blocks:                                                      #
#############################################################################
[name="xcalo_wrapper_bulk" type="genvtx::box_model_vg"]

#@config Vertex generation from the bulk of the X-wall calorimeter wrapper

#@description Logging priority
logging.priority : string = "warning"

#@description The rule that describes the geometry origin of vertex in term of geometry category and addresses (geom ID)
origin : string  = "category='xcalo_wrapper' module={*} side={*} column={*} row={*}"

#@description The mode used for vertex generator from the underlying box model associated to the target logical volume ("surface" or "bulk")
mode   : string  = "bulk"

#############################################################################
# Generate vertex on the bulk volume of the wrapper for the X-calorimeter's #
# scintillator blocks:                                                      #
#############################################################################
[name="gveto_wrapper_bulk" type="genvtx::box_model_vg"]

#@config Vertex generation from the bulk of the gamma veto wrapper

#@description Logging priority
logging.priority : string = "warning"

#@description The rule that describes the geometry origin of vertex in term of geometry category and addresses (geom ID)
origin : string  = "category='gveto_wrapper' module={*} side={*} wall={*} column={*}"
#@description The mode used for vertex generator from the underlying box model associated to the target logical volume ("surface" or "bulk")
mode   : string  = "bulk"

################################################################################
# Generate vertex on the bulk volume of the wrapper for the main calorimeter's #
# scintillator blocks:                                                         #
################################################################################
[name="calo_wrapper_surface" type="genvtx::box_model_vg"]

#@config Vertex generation from the surface of the main calorimeter wrapper

#@description Logging priority
logging.priority : string = "warning"

#@description The rule that describes the geometry origin of vertex in term of geometry category and addresses (geom ID)
origin : string  = "category='calorimeter_wrapper' module={*} side={*} column={*} row={*}"

#@description The mode used for vertex generator from the underlying box model associated to the target logical volume ("surface" or "bulk")
mode   : string  = "surface"

#@description Surface mode box top face activation
mode.surface.top  : boolean = 1

################################################################################
# Generate vertex on the bulk volume of the wrapper for the main calorimeter's #
# scintillator blocks:                                                         #
################################################################################
[name="xcalo_wrapper_surface" type="genvtx::box_model_vg"]

#@config Vertex generation from the surface of the X-wall calorimeter wrapper

#@description Logging priority
logging.priority : string = "warning"

#@description The rule that describes the geometry origin of vertex in term of geometry category and addresses (geom ID)
origin : string  = "category='xcalo_wrapper' module={*} side={*} column={*} row={*}"

#@description The mode used for vertex generator from the underlying box model associated to the target logical volume ("surface" or "bulk")
mode   : string  = "surface"

#@description Surface mode box top face activation
mode.surface.top  : boolean = 1

################################################################################
# Generate vertex on the bulk volume of the wrapper for the main calorimeter's #
# scintillator blocks:                                                         #
################################################################################
[name="gveto_wrapper_surface" type="genvtx::box_model_vg"]

#@config Vertex generation from the surface of the gamma veto wrapper

#@description Logging priority
logging.priority : string = "warning"

#@description The rule that describes the geometry origin of vertex in term of geometry category and addresses (geom ID)
origin : string  = "category='gveto_wrapper' module={*} side={*} wall={*} column={*}"

#@description The mode used for vertex generator from the underlying box model associated to the target logical volume ("surface" or "bulk")
mode   : string  = "surface"

#@description Surface mode box top face activation
mode.surface.top  : boolean = 1

# End of list of multi-properties.
