# -*- mode: conf-unix; -*-
# List of multi-properties (datatools::multi_properties):

#@description A list of vertex generators
#@key_label   "name"
#@meta_label  "type"

###########################################################
# Generate vertex on the surface of the external shields: #
###########################################################
[name="external_shield_surface" type="genvtx::box_model_vg"]

#@config Vertex generation from the surface of the external shield (side=0)

#@description Logging priority
logging.priority : string = "notice"

#@description The rule that describes the geometry origin of vertex in term of geometry category and addresses (geom ID)
origin              : string  = "category='external_shield' side={0}"

#@description The mode used for vertex generator from the underlying box model associated to the target logical volume ("surface" or "bulk")
mode                : string  = "surface"

#@description Surface mode box bottom face activation
mode.surface.bottom : boolean = 1

#@description Surface mode box top face activation
mode.surface.top    : boolean = 0

#@description Surface mode box back face activation
mode.surface.back   : boolean = 0

#@description Surface mode box front face activation
mode.surface.front  : boolean = 0

#@description Surface mode box left face activation
mode.surface.left   : boolean = 0

#@description Surface mode box right face activation
mode.surface.right  : boolean = 0

#######################################################
# Generate vertex on the bulk of the external shield: #
#######################################################
[name="external_shield_bulk" type="genvtx::box_model_vg"]

#@config Vertex generation from the bulk volume of the external shield plate (side=0)

#@description Logging priority
logging.priority : string = "notice"

#@description The rule that describes the geometry origin of vertex in term of geometry category and addresses (geom ID)
origin : string  = "category='external_shield' side={0}"

#@description The mode used for vertex generator from the underlying box model associated to the target logical volume ("surface" or "bulk")
mode   : string  = "bulk"

##############################################################
# Generate vertex on the bulk of the external shield plates: #
##############################################################
[name="external_shield_bulk_all" type="genvtx::box_model_vg"]

#@config Vertex generation from the bulk volume of the external shield plates

#@description Logging priority
logging.priority : string = "notice"

#@description The rule that describes the geometry origin of vertex in term of geometry category and addresses (geom ID)
origin : string  = "category='external_shield' side={*}"

#@description The mode used for vertex generator from the underlying box model associated to the target logical volume ("surface" or "bulk")
mode   : string  = "bulk"

# End of list of multi-properties.
