# -*- mode: conf-unix; -*-
# List of multi-properties (datatools::multi_properties):

#@description A list of vertex generators
#@key_label   "name"
#@meta_label  "type"

##############################################################################
# Generate vertex from the bulk volume of the source foil (internal strips): #
##############################################################################
[name="source_strips_internal_bulk" type="genvtx::box_model_vg"]

#@config Vertex generation from the bulk volume of the inner source strips

#@description Logging priority
logging.priority  : string = "warning"

#@description Geometry version requirement (not working with version lower than 2.0)
geometry.setup_requirement : string = "snemo::demonstrator(>=2)"

#@description The rule that describes the geometry origin of vertex in term of geometry category and addresses (geom ID)
origin : string  = "category='source_strip' module={*} strip=[1;34]"

#@description The mode used for vertex generator from the underlying box model associated to the target logical volume ("surface" or "bulk")
mode   : string  = "bulk"

##############################################################################
# Generate vertex from the bulk volume of the source foil (external strips): #
##############################################################################
[name="source_strips_external_bulk" type="genvtx::box_model_vg"]

#@config Vertex generation from the bulk volume of the outer source strips

#@description Logging priority
logging.priority  : string = "warning"

#@description Geometry version requirement (not working with version lower than 2.0)
geometry.setup_requirement : string = "snemo::demonstrator(>=2)"

#@description The rule that describes the geometry origin of vertex in term of geometry category and addresses (geom ID)
origin : string  = "category='source_strip' module={*} strip={0;35}"

#@description The mode used for vertex generator from the underlying box model associated to the target logical volume ("surface" or "bulk")
mode   : string  = "bulk"

##################################################################################
# Generate vertex from both the bulk volume and the surface of the source foil : #
##################################################################################
[name="source_strips_bulk" type="genvtx::combined_vg"]

#@config Vertex generation from the bulk volume of the source strips

#@description Logging priority
logging.priority  : string = "warning"

#@description Geometry version requirement (not working with version lower than 2.0)
geometry.setup_requirement : string = "snemo::demonstrator(>=2)"

#@description Vertex generator names
generators : string[2]  = "source_strips_external_bulk" "source_strips_internal_bulk"

#@description Absolute weight of different generators
generators.source_strips_external_bulk.absolute_weight : real  = 0.054
generators.source_strips_internal_bulk.absolute_weight : real  = 1.0

# Maybe the following could work (to be checked) :
#generators.source_strips_external_bulk.activity : string  = "1.0 Bq/m3"
#generators.source_strips_internal_bulk.activity : string  = "1.0 Bq/m3"

##########################################################################
# Generate vertex from the surface of the source foil (internal strips): #
##########################################################################
[name="source_strips_internal_surface" type="genvtx::box_model_vg"]

#@config Vertex generation from the surface of the inner source strips

#@description Logging priority
logging.priority  : string = "warning"

#@description Geometry version requirement (not working with version lower than 2.0)
geometry.setup_requirement : string = "snemo::demonstrator(>=2)"

#@description The rule that describes the geometry origin of vertex in term of geometry category and addresses (geom ID)
origin : string  = "category='source_strip' module={*} strip=[1;34]"

#@description The mode used for vertex generator from the underlying box model associated to the target logical volume ("surface" or "bulk")
mode   : string  = "surface"

#@description Surface mode box back face activation
mode.surface.back  : boolean = 1

#@description Surface mode box front face activation
mode.surface.front : boolean = 1

##########################################################################
# Generate vertex from the surface of the source foil (external strips): #
##########################################################################
[name="source_strips_external_surface" type="genvtx::box_model_vg"]

#@config Vertex generation from the surface of the outer source strips

#@description Logging priority
logging.priority  : string = "warning"

#@description Geometry version requirement (not working with version lower than 2.0)
geometry.setup_requirement : string = "snemo::demonstrator(>=2)"

#@description The rule that describes the geometry origin of vertex in term of geometry category and addresses (geom ID)
origin : string  = "category='source_strip' module={*} strip={0;35}"

#@description The rule that describes the geometry origin of vertex in term of geometry category and addresses (geom ID)
mode   : string  = "surface"

#@description Surface mode box back face activation
mode.surface.back  : boolean = 1

#@description Surface mode box front face activation
mode.surface.front : boolean = 1

######################################################################
# Generate vertex from the surface of the source foil (all strips) : #
######################################################################
[name="source_strips_surface" type="genvtx::combined_vg"]

#@config Vertex generation from the surface of the source strips

#@description Logging priority
logging.priority  : string = "warning"

#@description Geometry version requirement (not working with version lower than 2.0)
geometry.setup_requirement : string = "snemo::demonstrator(>=2)"

#@description Vertex generator names
generators : string[2] = \
  "source_strips_internal_surface" \
  "source_strips_external_surface"

#@description Absolute weight of different generators
generators.source_strips_external_surface.absolute_weight : real  = 0.054
generators.source_strips_internal_surface.absolute_weight : real  = 1.0

# Maybe the following could work (to be checked) :
#generators.source_strips_internal_surface.activity : string  = "1.0 Bq/m2"
#generators.source_strips_internal_surface.activity : string  = "1.0 Bq/m2"


# Generate vertex from both the bulk volume and the surface of the source foil :
# [name="source_strips_mix_1" type="genvtx::combined_vg"]
# debug  : boolean = 0
# generators : string[2]  = "source_all_strips_bulk" "source_all_strips_surface"
# generators.source_all_strips_bulk.absolute_weight         : real  = 1.0
# generators.source_all_strips_surface.absolute_weight  : real  = 0.5

# Generate vertex from both the bulk volume and the surface of the source foil :
# [name="source_strips_mix_2" type="genvtx::combined_vg"]
# debug  : boolean = 0
# generators : string[2]  = "source_all_strips_bulk" "source_all_strips_surface"
# generators.source_all_strips_bulk.activity     : real  = "1.0 uBq/kg"
# generators.source_all_strips_surface.activity  : real  = "10.0 uBq/m2"

# End of list of multi-properties.
