# -*- mode: conf-unix; -*-
# @falaise:config/snemo/demonstrator/simulation/vertexes/4.0/generators/generators/commissioning_vg.lis
# List of multi-properties (datatools::multi_properties):

#@description A list of vertex generators
#@key_label   "name"
#@meta_label  "type"


###########################################################
# Generate vertex from an arbitrary point in the geometry #
###########################################################
[name="commissioning.arbitrary_vertex" type="genvtx::spot_vertex_generator"]

#@config Vertex generation from an arbitrary point in the geometry

#@description Logging priority
logging.priority  : string = "fatal"

spot.x : real as length = 0 mm
spot.y : real as length = 0 mm
spot.z : real as length = 0 mm


#############################################
# Generate vertex from a commissioning spot #
#############################################
[name="commissioning.all_spots" type="genvtx::cylinder_model_vg"]

#@config Vertex generation from from a commissioning spot

#@description Logging priority
logging.priority  : string = "fatal"

#@description Geometry version requirement (not working with version lower than 4.0)
geometry.setup_requirement : string = "snemo::demonstrator(>=4)"

#@description The rule that describes the geometry origin of vertex in term of geometry category and addresses (geom ID)
origin : string  = "category='commissioning_source_spot' module={*} column={*} row={*}"

#@description The mode used for vertex generator from the underlying cylinder model
mode   : string  = "bulk"


######################################################
# Generate vertex from one unique commissioning spot #
######################################################
[name="commissioning.single_spot" type="genvtx::cylinder_model_vg"]

#@config Vertex generation from from a commissioning spot

#@description Logging priority
logging.priority  : string = "fatal"

#@description Geometry version requirement (not working with version lower than 4.0)
geometry.setup_requirement : string = "snemo::demonstrator(>=4)"

# The origin of vertex is described in term of geometry category and addresses (geom ID)

#@description The origin geometry category
origin.category : string = "commissioning_source_spot"

#@description SuperNEMO module number
origin.address.module : integer = 0

#@description Commissioning source spot column number
origin.address.column : integer = \
  @variant(vertexes.commissioning:type/if_single_slot/column|0)

#@description Commissioning source spot row number
origin.address.row    : integer = \
  @variant(vertexes.commissioning:type/if_single_slot/row|0)

#@description The mode used for vertex generator from the underlying cylinder model
mode   : string  = "bulk"


# end of @falaise:config/snemo/demonstrator/simulation/vertexes/4.0/generators/commissioning_vg.lis
