# -*- mode: conf-unix; -*-
# List of multi-properties (datatools::multi_properties):

#@description A list of vertex generators
#@key_label   "name"
#@meta_label  "type"

################################################################################
# Generate vertex on the bulk volume of the wrapper for the main calorimeter's #
# scintillator blocks:                                                         #
################################################################################
[name="calo_wrapper_bulk" type="genvtx::box_model_vg"]

#@config Vertex generation from the bulk of the main calorimeter wrapper

#@description Logging priority
logging.priority : string = "warning"

#@description The rule that describes the geometry origin of vertex in term of geometry category and addresses (geom ID)
#origin : string  = "category=calorimeter_wrapper module={*} side={1} column={0;1;2;4;19} row={0;1;2;12;13}"
origin : string  = "category='calorimeter_wrapper' module={*} side={*} column={*} row={*}"

#@description The mode used for vertex generator from the underlying box model associated to the target logical volume ("surface" or "bulk")
mode   : string  = "bulk"


#############################################################################
# Generate vertex on the bulk volume of the wrapper for the X-calorimeter's #
# scintillator blocks:                                                      #
#############################################################################
[name="xcalo_wrapper_bulk" type="genvtx::box_model_vg"]

#@config Vertex generation from the bulk of the X-wall calorimeter wrapper

#@description Logging priority
logging.priority : string = "warning"

#@description The rule that describes the geometry origin of vertex in term of geometry category and addresses (geom ID)
origin : string  = "category='xcalo_wrapper' module={*} side={*} column={*} row={*}"

#@description The mode used for vertex generator from the underlying box model associated to the target logical volume ("surface" or "bulk")
mode   : string  = "bulk"

#############################################################################
# Generate vertex on the bulk volume of the wrapper for the X-calorimeter's #
# scintillator blocks:                                                      #
#############################################################################
[name="gveto_wrapper_bulk" type="genvtx::box_model_vg"]

#@config Vertex generation from the bulk of the gamma veto wrapper

#@description Logging priority
logging.priority : string = "warning"

#@description The rule that describes the geometry origin of vertex in term of geometry category and addresses (geom ID)
origin : string  = "category='gveto_wrapper' module={*} side={*} wall={*} column={*}"
#@description The mode used for vertex generator from the underlying box model associated to the target logical volume ("surface" or "bulk")
mode   : string  = "bulk"

################################################################################
# Generate vertex on the bulk volume of the wrapper for the main calorimeter's #
# scintillator blocks:                                                         #
################################################################################
[name="calo_wrapper_surface" type="genvtx::box_model_vg"]

#@config Vertex generation from the surface of the main calorimeter wrapper

#@description Logging priority
logging.priority : string = "warning"

#@description The rule that describes the geometry origin of vertex in term of geometry category and addresses (geom ID)
origin : string  = "category='calorimeter_wrapper' module={*} side={*} column={*} row={*}"

#@description The mode used for vertex generator from the underlying box model associated to the target logical volume ("surface" or "bulk")
mode   : string  = "surface"

#@description Surface mode box top face activation
mode.surface.top  : boolean = 1

################################################################################
# Generate vertex on the bulk volume of the wrapper for the main calorimeter's #
# scintillator blocks:                                                         #
################################################################################
[name="xcalo_wrapper_surface" type="genvtx::box_model_vg"]

#@config Vertex generation from the surface of the X-wall calorimeter wrapper

#@description Logging priority
logging.priority : string = "warning"

#@description The rule that describes the geometry origin of vertex in term of geometry category and addresses (geom ID)
origin : string  = "category='xcalo_wrapper' module={*} side={*} column={*} row={*}"

#@description The mode used for vertex generator from the underlying box model associated to the target logical volume ("surface" or "bulk")
mode   : string  = "surface"

#@description Surface mode box top face activation
mode.surface.top  : boolean = 1

################################################################################
# Generate vertex on the bulk volume of the wrapper for the main calorimeter's #
# scintillator blocks:                                                         #
################################################################################
[name="gveto_wrapper_surface" type="genvtx::box_model_vg"]

#@config Vertex generation from the surface of the gamma veto wrapper

#@description Logging priority
logging.priority : string = "warning"

#@description The rule that describes the geometry origin of vertex in term of geometry category and addresses (geom ID)
origin : string  = "category='gveto_wrapper' module={*} side={*} wall={*} column={*}"

#@description The mode used for vertex generator from the underlying box model associated to the target logical volume ("surface" or "bulk")
mode   : string  = "surface"

#@description Surface mode box top face activation
mode.surface.top  : boolean = 1


################################################################################
# Generate vertex on the bulk volume of the wrapper for the main calorimeter's #
# scintillator blocks:                                                         #
################################################################################
[name="calo_8inch_front_scin_bulk" type="genvtx::box_model_vg"]

#@config Vertex generation from the bulk of the main calorimeter wrapper

#@description Logging priority
logging.priority : string = "warning"

#@description The rule that describes the geometry origin of vertex in term of geometry category and addresses (geom ID)
origin : string  = "category='calorimeter_block' module={*} side={*} column={*} row={1;2;3;4;5;6;7;8;9;10;11} part={1}"

#@description The mode used for vertex generator from the underlying box model associated to the target logical volume ("surface" or "bulk")
mode   : string  = "bulk"


################################################################################
# Generate vertex on the bulk volume of the wrapper for the main calorimeter's #
# scintillator blocks:                                                         #
################################################################################
[name="calo_8inch_back_scin_bulk" type="genvtx::box_model_vg"]

#@config Vertex generation from the bulk of the main calorimeter wrapper

#@description Logging priority
logging.priority : string = "warning"

#@description Geometry version requirement (not working with version lower than 4.0)
geometry.setup_requirement : string = "snemo::demonstrator(>=4)"

#@description The rule that describes the geometry origin of vertex in term of geometry category and addresses (geom ID)
origin : string  = "category='calorimeter_block' module={*} side={*} column={*} row={1;2;3;4;5;6;7;8;9;10;11} part={0}"

#@description The mode used for vertex generator from the underlying box model associated to the target logical volume ("surface" or "bulk")
mode   : string  = "bulk"
ometry.setup_requirement : string = "snemo"

#@description Use bounding box method to shoot vertex in complicated form
use_bounding_box : boolean = true

#@description Vertex validation support
vertex_validation_support : boolean = true

#@description Maximum number of tries for the rejection method
validation.logging.priority : string = "warning"

#@description Vertex validation activation
validation.activation : boolean = true

#@description Maximum number of tries for the rejection method
validation.maximum_number_of_tries : integer = 1000

#@description Vertex validation id
validation.validator_id : string = "genvtx::in_materials_vertex_validator"

#@description List of materials to be used
validation.validator_params.materials.ref : string[1] = "ENVINET_PS_scintillator"

#@description Logging level for validator
validation.validator_params.max_depth : integer = 100

#@description Logging level for validator
validation.validator_params.logging.priority : string = "warning"


################################################################################
# Generate vertex on the bulk volume of the wrapper for the main calorimeter's #
# scintillator blocks:                                                         #
################################################################################
[name="calo_8inch_scin_bulk" type="genvtx::combined_model_vg"]

generators : string[2] = "calo_8inch_back_scin_bulk" "calo_8inch_front_scin_bulk"

generators.calo_8inch_back_scin_bulk.volume_activity  : real as volume_activity = 1 Bq/m3
generators.calo_8inch_front_scin_bulk.volume_activity : real as volume_activity = 1 Bq/m3


################################################################################
# Generate vertex on the bulk volume of the wrapper for the main calorimeter's #
# scintillator blocks:                                                         #
################################################################################
[name="calo_5inch_front_scin_bulk" type="genvtx::box_model_vg"]

#@config Vertex generation from the bulk of the main calorimeter wrapper

#@description Logging priority
logging.priority : string = "warning"

#@description The rule that describes the geometry origin of vertex in term of geometry category and addresses (geom ID)
origin : string  = "category='calorimeter_block' module={*} side={*} column={*} row={0;12} part={1}"

#@description The mode used for vertex generator from the underlying box model associated to the target logical volume ("surface" or "bulk")
mode   : string  = "bulk"


# End of list of multi-properties.
