# -*- mode: conf-unix; -*-
# List of multi-properties (datatools::multi_properties):

#@description A list of vertex generators
#@key_label   "name"
#@meta_label  "type"

############################################################
# Generate vertex from the bulk volume of the anode wires: #
############################################################
[name="anode_wire_bulk" type="genvtx::cylinder_model_vg"]

#@config Vertex generation from the bulk volume of the anode wires

#@description Logging priority
logging.priority  : string = "warning"

#@description The rule that describes the geometry origin of vertex in term of geometry category and addresses (geom ID)
origin : string  = "category='drift_cell_anodic_wire' module={*} side={*} layer={*} row={*}"

#@description The mode used for vertex generator from the underlying box model associated to the target logical volume ("surface" or "bulk")
mode   : string  = "bulk"

######################################################
# Generate vertex on the surface of the anode wires: #
######################################################
[name="anode_wire_surface" type="genvtx::cylinder_model_vg"]

#@config Vertex generation from the surface of the anode wires

#@description Logging priority
logging.priority  : string = "warning"

#@description The rule that describes the geometry origin of vertex in term of geometry category and addresses (geom ID)
origin : string  = "category='drift_cell_anodic_wire' module={*} side={*} layer={*} row={*}"

#@description The mode used for vertex generator from the underlying box model associated to the target logical volume ("surface" or "bulk")
mode   : string  = "surface"

#@description Surface mode box side face activation
mode.surface.side   : boolean = 1

#@description Surface mode box bottom face activation
mode.surface.bottom : boolean = 0

#@description Surface mode box top face activation
mode.surface.top    : boolean = 0

############################################################
# Generate vertex from the bulk volume of the field wires: #
############################################################
[name="field_wire_bulk" type="genvtx::cylinder_model_vg"]

#@config Vertex generation from the bulk volume of the field wires

#@description Logging priority
logging.priority  : string = "warning"

#@description The rule that describes the geometry origin of vertex in term of geometry category and addresses (geom ID)
origin : string  = "category='drift_cell_field_wire' module={*} side={*} layer={*} row={*} set={*} wire={*}"

#@description The mode used for vertex generator from the underlying box model associated to the target logical volume ("surface" or "bulk")
mode   : string  = "bulk"

######################################################
# Generate vertex on the surface of the anode wires: #
######################################################
[name="field_wire_surface" type="genvtx::cylinder_model_vg"]

#@config Vertex generation from the surface of the field wires

#@description Logging priority
logging.priority  : string = "warning"

#@description The rule that describes the geometry origin of vertex in term of geometry category and addresses (geom ID)
origin : string  = "category='drift_cell_field_wire' module={*} side={*} layer={*} row={*} set={*} wire={*}"

#@description The mode used for vertex generator from the underlying box model associated to the target logical volume ("surface" or "bulk")
mode   : string  = "surface"

#@description Surface mode box side face activation
mode.surface.side   : boolean = 1

#@description Surface mode box bottom face activation
mode.surface.bottom : boolean = 0

#@description Surface mode box top face activation
mode.surface.top    : boolean = 0

####################################################################
# Generate vertex on the volume of the tracker feedthrough pins:   #
####################################################################
[name="feedthrough_pins_bulk_all_spots" type="genvtx::box_model_vg"]

#@config Vertex generation from the bulk of the tracker feedthrough pins

#@description Logging priority
logging.priority : string = "warning"

#@description The rule that describes the geometry origin of vertex in term of geometry category and addresses (geom ID)
origin : string  = "category='gveto_tracker_feedthrough_pins' module={*} side={*} wall={*} element={*}"

#@description The mode used for vertex generator from the underlying box model associated to the target logical volume ("surface" or "bulk")
mode   : string  = "bulk"

###############################################################################
# Generate vertex on the volume of the side 0 top tracker feedthrough pins:   #
###############################################################################
[name="feedthrough_pins_bulk_side_0_top" type="genvtx::box_model_vg"]

#@config Vertex generation from the bulk of the tracker feedthrough pins

#@description Logging priority
logging.priority : string = "warning"

#@description The rule that describes the geometry origin of vertex in term of geometry category and addresses (geom ID)
origin : string  = "category='gveto_tracker_feedthrough_pins' module={*} side={0} wall={1} element={*}"

#@description The mode used for vertex generator from the underlying box model associated to the target logical volume ("surface" or "bulk")
mode   : string  = "bulk"

##################################################################################
# Generate vertex on the volume of the side 0 bottom tracker feedthrough pins:   #
##################################################################################
[name="feedthrough_pins_bulk_side_0_bottom" type="genvtx::box_model_vg"]

#@config Vertex generation from the bulk of the tracker feedthrough pins

#@description Logging priority
logging.priority : string = "warning"

#@description The rule that describes the geometry origin of vertex in term of geometry category and addresses (geom ID)
origin : string  = "category='gveto_tracker_feedthrough_pins' module={*} side={0} wall={0} element={*}"

#@description The mode used for vertex generator from the underlying box model associated to the target logical volume ("surface" or "bulk")
mode   : string  = "bulk"

###############################################################################
# Generate vertex on the volume of the side 1 top tracker feedthrough pins:   #
###############################################################################
[name="feedthrough_pins_bulk_side_1_top" type="genvtx::box_model_vg"]

#@config Vertex generation from the bulk of the tracker feedthrough pins

#@description Logging priority
logging.priority : string = "warning"

#@description The rule that describes the geometry origin of vertex in term of geometry category and addresses (geom ID)
origin : string  = "category='gveto_tracker_feedthrough_pins' module={*} side={1} wall={1} element={*}"

#@description The mode used for vertex generator from the underlying box model associated to the target logical volume ("surface" or "bulk")
mode   : string  = "bulk"

##################################################################################
# Generate vertex on the volume of the side 1 bottom tracker feedthrough pins:   #
##################################################################################
[name="feedthrough_pins_bulk_side_1_bottom" type="genvtx::box_model_vg"]

#@config Vertex generation from the bulk of the tracker feedthrough pins

#@description Logging priority
logging.priority : string = "warning"

#@description The rule that describes the geometry origin of vertex in term of geometry category and addresses (geom ID)
origin : string  = "category='gveto_tracker_feedthrough_pins' module={*} side={1} wall={0} element={*}"

#@description The mode used for vertex generator from the underlying box model associated to the target logical volume ("surface" or "bulk")
mode   : string  = "bulk"


# End of list of multi-properties.
