#ID Row Column Act UAct
79  0 0 127.1 1.15
115 1 0 132.2 1.25
123 2 0 128.4 2.34
133 3 0 135.0 1.25
73  4 0 122.8 1.16
111 5 0 132.0 1.25
83  6 0 128.4 1.15
94  0 1 136.3 1.15
134 1 1 124.9 1.16
80  2 1 132.6 1.15
112 3 1 119.8 1.27
82  4 1 133.0 1.15
76  5 1 124.7 1.15
88  6 1 134.3 1.15
85  0 2 128.3 1.15
89  1 2 130.7 1.15
131 2 2 130.0 1.25
84  3 2 140.9 1.14
135 4 2 130.1 1.25
95  5 2 129.8 1.15
86  6 2 125.8 1.15
96  0 3 137.3 1.15
74  1 3 125.5 1.15
93  2 3 131.9 1.14
113 3 3 130.9 1.26
87  4 3 131.3 1.15
78  5 3 125.0 1.16
75  6 3 138.5 1.14
90  0 4 128.0 1.15
92  1 4 131.1 1.15
119 2 4 127.4 1.26
81  3 4 139.1 1.14
139 4 4 126.6 1.14
91  5 4 131.0 N/A
77  6 4 127.9 1.14
138 0 5 131.4 N/A
136 1 5 123.7 1.15
116 2 5 132.5 1.25
137 3 5 122.2 1.26
114 4 5 133.8 1.25
132 5 5 129.5 2.36
120 6 5 131.0 1.26
